backend=physlean
returncode=1

STDOUT:
.pipeline1_tmp\route_check\compile\physlean\routecheck_c1.lean:1:0: error: unknown module prefix 'MechLib'

No directory 'MechLib' or file 'MechLib.olean' in the search path entries:
F:\AI4Mechanics\PhysLean-master\.lake\packages\batteries\.lake\build\lib\lean
F:\AI4Mechanics\PhysLean-master\.lake\packages\Qq\.lake\build\lib\lean
F:\AI4Mechanics\PhysLean-master\.lake\packages\aesop\.lake\build\lib\lean
F:\AI4Mechanics\PhysLean-master\.lake\packages\proofwidgets\.lake\build\lib\lean
F:\AI4Mechanics\PhysLean-master\.lake\packages\importGraph\.lake\build\lib\lean
F:\AI4Mechanics\PhysLean-master\.lake\packages\LeanSearchClient\.lake\build\lib\lean
F:\AI4Mechanics\PhysLean-master\.lake\packages\plausible\.lake\build\lib\lean
F:\AI4Mechanics\PhysLean-master\.lake\packages\MD4Lean\.lake\build\lib\lean
F:\AI4Mechanics\PhysLean-master\.lake\packages\BibtexQuery\.lake\build\lib\lean
F:\AI4Mechanics\PhysLean-master\.lake\packages\UnicodeBasic\.lake\build\lib\lean
F:\AI4Mechanics\PhysLean-master\.lake\packages\Cli\.lake\build\lib\lean
F:\AI4Mechanics\PhysLean-master\.lake\packages\mathlib\.lake\build\lib\lean
F:\AI4Mechanics\PhysLean-master\.lake\packages\doc-gen4\.lake\build\lib\lean
F:\AI4Mechanics\PhysLean-master\.lake\build\lib\lean
c:\Users\Administrator\.elan\toolchains\leanprover--lean4---v4.26.0\lib\lean
c:\Users\Administrator\.elan\toolchains\lean-4.26.0-windows\lib\lean


STDERR:

